{"/Users/shika/Documents/Uni/cs4218-2520-ecom-project-cs4218-2520-team08/client/src/components/AdminMenu.js": {"path":"/Users/shika/Documents/Uni/cs4218-2520-ecom-project-cs4218-2520-team08/client/src/components/AdminMenu.js","statementMap":{"0":{"start":{"line":3,"column":18},"end":{"line":43,"column":1}},"1":{"start":{"line":4,"column":2},"end":{"line":42,"column":4}}},"fnMap":{"0":{"name":"(anonymous_0)","decl":{"start":{"line":3,"column":18},"end":{"line":3,"column":19}},"loc":{"start":{"line":3,"column":24},"end":{"line":43,"column":1}},"line":3}},"branchMap":{},"s":{"0":1,"1":3},"f":{"0":3},"b":{},"_coverageSchema":"1a1c01bbd47fc00a2c39e90264f33305004495a9","hash":"6824a256559d210a8c5656183c56240afd2f4884"}
,"/Users/shika/Documents/Uni/cs4218-2520-ecom-project-cs4218-2520-team08/client/src/components/Form/CategoryForm.js": {"path":"/Users/shika/Documents/Uni/cs4218-2520-ecom-project-cs4218-2520-team08/client/src/components/Form/CategoryForm.js","statementMap":{"0":{"start":{"line":3,"column":21},"end":{"line":23,"column":1}},"1":{"start":{"line":4,"column":2},"end":{"line":22,"column":4}},"2":{"start":{"line":13,"column":29},"end":{"line":13,"column":53}}},"fnMap":{"0":{"name":"(anonymous_0)","decl":{"start":{"line":3,"column":21},"end":{"line":3,"column":22}},"loc":{"start":{"line":3,"column":60},"end":{"line":23,"column":1}},"line":3},"1":{"name":"(anonymous_1)","decl":{"start":{"line":13,"column":22},"end":{"line":13,"column":23}},"loc":{"start":{"line":13,"column":29},"end":{"line":13,"column":53}},"line":13}},"branchMap":{},"s":{"0":1,"1":4,"2":1},"f":{"0":4,"1":1},"b":{},"_coverageSchema":"1a1c01bbd47fc00a2c39e90264f33305004495a9","hash":"f501983e534252670ea6f67aeb6c23986e3c9b50"}
,"/Users/shika/Documents/Uni/cs4218-2520-ecom-project-cs4218-2520-team08/client/src/pages/Auth/Login.js": {"path":"/Users/shika/Documents/Uni/cs4218-2520-ecom-project-cs4218-2520-team08/client/src/pages/Auth/Login.js","statementMap":{"0":{"start":{"line":9,"column":14},"end":{"line":99,"column":1}},"1":{"start":{"line":10,"column":28},"end":{"line":10,"column":40}},"2":{"start":{"line":11,"column":34},"end":{"line":11,"column":46}},"3":{"start":{"line":12,"column":26},"end":{"line":12,"column":35}},"4":{"start":{"line":15,"column":19},"end":{"line":15,"column":32}},"5":{"start":{"line":16,"column":19},"end":{"line":16,"column":32}},"6":{"start":{"line":20,"column":23},"end":{"line":50,"column":3}},"7":{"start":{"line":21,"column":4},"end":{"line":21,"column":23}},"8":{"start":{"line":22,"column":4},"end":{"line":49,"column":5}},"9":{"start":{"line":23,"column":18},"end":{"line":26,"column":8}},"10":{"start":{"line":27,"column":6},"end":{"line":45,"column":7}},"11":{"start":{"line":28,"column":8},"end":{"line":35,"column":13}},"12":{"start":{"line":36,"column":8},"end":{"line":40,"column":11}},"13":{"start":{"line":41,"column":8},"end":{"line":41,"column":63}},"14":{"start":{"line":42,"column":8},"end":{"line":42,"column":40}},"15":{"start":{"line":44,"column":8},"end":{"line":44,"column":38}},"16":{"start":{"line":47,"column":6},"end":{"line":47,"column":25}},"17":{"start":{"line":48,"column":6},"end":{"line":48,"column":42}},"18":{"start":{"line":51,"column":2},"end":{"line":98,"column":4}},"19":{"start":{"line":62,"column":31},"end":{"line":62,"column":55}},"20":{"start":{"line":73,"column":31},"end":{"line":73,"column":58}},"21":{"start":{"line":85,"column":16},"end":{"line":85,"column":45}}},"fnMap":{"0":{"name":"(anonymous_0)","decl":{"start":{"line":9,"column":14},"end":{"line":9,"column":15}},"loc":{"start":{"line":9,"column":20},"end":{"line":99,"column":1}},"line":9},"1":{"name":"(anonymous_1)","decl":{"start":{"line":20,"column":23},"end":{"line":20,"column":24}},"loc":{"start":{"line":20,"column":36},"end":{"line":50,"column":3}},"line":20},"2":{"name":"(anonymous_2)","decl":{"start":{"line":62,"column":24},"end":{"line":62,"column":25}},"loc":{"start":{"line":62,"column":31},"end":{"line":62,"column":55}},"line":62},"3":{"name":"(anonymous_3)","decl":{"start":{"line":73,"column":24},"end":{"line":73,"column":25}},"loc":{"start":{"line":73,"column":31},"end":{"line":73,"column":58}},"line":73},"4":{"name":"(anonymous_4)","decl":{"start":{"line":84,"column":23},"end":{"line":84,"column":24}},"loc":{"start":{"line":84,"column":29},"end":{"line":86,"column":15}},"line":84}},"branchMap":{"0":{"loc":{"start":{"line":27,"column":6},"end":{"line":45,"column":7}},"type":"if","locations":[{"start":{"line":27,"column":6},"end":{"line":45,"column":7}},{"start":{"line":43,"column":13},"end":{"line":45,"column":7}}],"line":27},"1":{"loc":{"start":{"line":27,"column":10},"end":{"line":27,"column":33}},"type":"binary-expr","locations":[{"start":{"line":27,"column":10},"end":{"line":27,"column":13}},{"start":{"line":27,"column":17},"end":{"line":27,"column":33}}],"line":27},"2":{"loc":{"start":{"line":28,"column":22},"end":{"line":28,"column":50}},"type":"binary-expr","locations":[{"start":{"line":28,"column":22},"end":{"line":28,"column":30}},{"start":{"line":28,"column":34},"end":{"line":28,"column":50}}],"line":28},"3":{"loc":{"start":{"line":42,"column":17},"end":{"line":42,"column":38}},"type":"binary-expr","locations":[{"start":{"line":42,"column":17},"end":{"line":42,"column":31}},{"start":{"line":42,"column":35},"end":{"line":42,"column":38}}],"line":42}},"s":{"0":1,"1":11,"2":11,"3":11,"4":11,"5":11,"6":11,"7":2,"8":2,"9":2,"10":1,"11":1,"12":1,"13":1,"14":1,"15":0,"16":1,"17":1,"18":11,"19":3,"20":3,"21":0},"f":{"0":11,"1":2,"2":3,"3":3,"4":0},"b":{"0":[1,0],"1":[1,1],"2":[1,1],"3":[1,1]},"_coverageSchema":"1a1c01bbd47fc00a2c39e90264f33305004495a9","hash":"9cec90a281d1a2c4abf321c029d2ce2538dd6f45"}
,"/Users/shika/Documents/Uni/cs4218-2520-ecom-project-cs4218-2520-team08/client/src/pages/Auth/Register.js": {"path":"/Users/shika/Documents/Uni/cs4218-2520-ecom-project-cs4218-2520-team08/client/src/pages/Auth/Register.js","statementMap":{"0":{"start":{"line":7,"column":17},"end":{"line":132,"column":1}},"1":{"start":{"line":8,"column":26},"end":{"line":8,"column":38}},"2":{"start":{"line":9,"column":28},"end":{"line":9,"column":40}},"3":{"start":{"line":10,"column":34},"end":{"line":10,"column":46}},"4":{"start":{"line":11,"column":28},"end":{"line":11,"column":40}},"5":{"start":{"line":12,"column":32},"end":{"line":12,"column":44}},"6":{"start":{"line":13,"column":24},"end":{"line":13,"column":36}},"7":{"start":{"line":14,"column":30},"end":{"line":14,"column":42}},"8":{"start":{"line":15,"column":19},"end":{"line":15,"column":32}},"9":{"start":{"line":18,"column":23},"end":{"line":40,"column":3}},"10":{"start":{"line":19,"column":4},"end":{"line":19,"column":23}},"11":{"start":{"line":20,"column":4},"end":{"line":39,"column":5}},"12":{"start":{"line":21,"column":18},"end":{"line":29,"column":8}},"13":{"start":{"line":30,"column":6},"end":{"line":35,"column":7}},"14":{"start":{"line":31,"column":8},"end":{"line":31,"column":61}},"15":{"start":{"line":32,"column":8},"end":{"line":32,"column":27}},"16":{"start":{"line":34,"column":8},"end":{"line":34,"column":38}},"17":{"start":{"line":37,"column":6},"end":{"line":37,"column":25}},"18":{"start":{"line":38,"column":6},"end":{"line":38,"column":42}},"19":{"start":{"line":42,"column":2},"end":{"line":131,"column":4}},"20":{"start":{"line":51,"column":31},"end":{"line":51,"column":54}},"21":{"start":{"line":63,"column":31},"end":{"line":63,"column":55}},"22":{"start":{"line":74,"column":31},"end":{"line":74,"column":58}},"23":{"start":{"line":85,"column":31},"end":{"line":85,"column":55}},"24":{"start":{"line":96,"column":31},"end":{"line":96,"column":57}},"25":{"start":{"line":107,"column":31},"end":{"line":107,"column":53}},"26":{"start":{"line":118,"column":31},"end":{"line":118,"column":56}}},"fnMap":{"0":{"name":"(anonymous_0)","decl":{"start":{"line":7,"column":17},"end":{"line":7,"column":18}},"loc":{"start":{"line":7,"column":23},"end":{"line":132,"column":1}},"line":7},"1":{"name":"(anonymous_1)","decl":{"start":{"line":18,"column":23},"end":{"line":18,"column":24}},"loc":{"start":{"line":18,"column":36},"end":{"line":40,"column":3}},"line":18},"2":{"name":"(anonymous_2)","decl":{"start":{"line":51,"column":24},"end":{"line":51,"column":25}},"loc":{"start":{"line":51,"column":31},"end":{"line":51,"column":54}},"line":51},"3":{"name":"(anonymous_3)","decl":{"start":{"line":63,"column":24},"end":{"line":63,"column":25}},"loc":{"start":{"line":63,"column":31},"end":{"line":63,"column":55}},"line":63},"4":{"name":"(anonymous_4)","decl":{"start":{"line":74,"column":24},"end":{"line":74,"column":25}},"loc":{"start":{"line":74,"column":31},"end":{"line":74,"column":58}},"line":74},"5":{"name":"(anonymous_5)","decl":{"start":{"line":85,"column":24},"end":{"line":85,"column":25}},"loc":{"start":{"line":85,"column":31},"end":{"line":85,"column":55}},"line":85},"6":{"name":"(anonymous_6)","decl":{"start":{"line":96,"column":24},"end":{"line":96,"column":25}},"loc":{"start":{"line":96,"column":31},"end":{"line":96,"column":57}},"line":96},"7":{"name":"(anonymous_7)","decl":{"start":{"line":107,"column":24},"end":{"line":107,"column":25}},"loc":{"start":{"line":107,"column":31},"end":{"line":107,"column":53}},"line":107},"8":{"name":"(anonymous_8)","decl":{"start":{"line":118,"column":24},"end":{"line":118,"column":25}},"loc":{"start":{"line":118,"column":31},"end":{"line":118,"column":56}},"line":118}},"branchMap":{"0":{"loc":{"start":{"line":30,"column":6},"end":{"line":35,"column":7}},"type":"if","locations":[{"start":{"line":30,"column":6},"end":{"line":35,"column":7}},{"start":{"line":33,"column":13},"end":{"line":35,"column":7}}],"line":30},"1":{"loc":{"start":{"line":30,"column":10},"end":{"line":30,"column":33}},"type":"binary-expr","locations":[{"start":{"line":30,"column":10},"end":{"line":30,"column":13}},{"start":{"line":30,"column":17},"end":{"line":30,"column":33}}],"line":30}},"s":{"0":1,"1":16,"2":16,"3":16,"4":16,"5":16,"6":16,"7":16,"8":16,"9":16,"10":2,"11":2,"12":2,"13":1,"14":1,"15":1,"16":0,"17":1,"18":1,"19":16,"20":2,"21":2,"22":2,"23":2,"24":2,"25":2,"26":2},"f":{"0":16,"1":2,"2":2,"3":2,"4":2,"5":2,"6":2,"7":2,"8":2},"b":{"0":[1,0],"1":[1,1]},"_coverageSchema":"1a1c01bbd47fc00a2c39e90264f33305004495a9","hash":"c721917ea3263937f5c9767c5643c970d27c4fde"}
,"/Users/shika/Documents/Uni/cs4218-2520-ecom-project-cs4218-2520-team08/client/src/pages/admin/AdminDashboard.js": {"path":"/Users/shika/Documents/Uni/cs4218-2520-ecom-project-cs4218-2520-team08/client/src/pages/admin/AdminDashboard.js","statementMap":{"0":{"start":{"line":5,"column":23},"end":{"line":25,"column":1}},"1":{"start":{"line":6,"column":17},"end":{"line":6,"column":26}},"2":{"start":{"line":7,"column":2},"end":{"line":24,"column":4}}},"fnMap":{"0":{"name":"(anonymous_0)","decl":{"start":{"line":5,"column":23},"end":{"line":5,"column":24}},"loc":{"start":{"line":5,"column":29},"end":{"line":25,"column":1}},"line":5}},"branchMap":{},"s":{"0":1,"1":2,"2":2},"f":{"0":2},"b":{},"_coverageSchema":"1a1c01bbd47fc00a2c39e90264f33305004495a9","hash":"9b69b7ff6da73aa6f0372857c73242dc67f52e98"}
,"/Users/shika/Documents/Uni/cs4218-2520-ecom-project-cs4218-2520-team08/client/src/pages/admin/AdminOrders.js": {"path":"/Users/shika/Documents/Uni/cs4218-2520-ecom-project-cs4218-2520-team08/client/src/pages/admin/AdminOrders.js","statementMap":{"0":{"start":{"line":9,"column":19},"end":{"line":9,"column":25}},"1":{"start":{"line":11,"column":20},"end":{"line":117,"column":1}},"2":{"start":{"line":12,"column":30},"end":{"line":18,"column":4}},"3":{"start":{"line":19,"column":42},"end":{"line":19,"column":54}},"4":{"start":{"line":20,"column":30},"end":{"line":20,"column":42}},"5":{"start":{"line":21,"column":26},"end":{"line":21,"column":35}},"6":{"start":{"line":22,"column":20},"end":{"line":29,"column":3}},"7":{"start":{"line":23,"column":4},"end":{"line":28,"column":5}},"8":{"start":{"line":24,"column":23},"end":{"line":24,"column":65}},"9":{"start":{"line":25,"column":6},"end":{"line":25,"column":22}},"10":{"start":{"line":27,"column":6},"end":{"line":27,"column":25}},"11":{"start":{"line":31,"column":2},"end":{"line":33,"column":20}},"12":{"start":{"line":32,"column":4},"end":{"line":32,"column":33}},"13":{"start":{"line":32,"column":21},"end":{"line":32,"column":33}},"14":{"start":{"line":35,"column":23},"end":{"line":44,"column":3}},"15":{"start":{"line":36,"column":4},"end":{"line":43,"column":5}},"16":{"start":{"line":37,"column":23},"end":{"line":39,"column":8}},"17":{"start":{"line":40,"column":6},"end":{"line":40,"column":18}},"18":{"start":{"line":42,"column":6},"end":{"line":42,"column":25}},"19":{"start":{"line":45,"column":2},"end":{"line":116,"column":4}},"20":{"start":{"line":54,"column":12},"end":{"line":111,"column":14}},"21":{"start":{"line":73,"column":47},"end":{"line":73,"column":73}},"22":{"start":{"line":77,"column":28},"end":{"line":79,"column":37}},"23":{"start":{"line":92,"column":20},"end":{"line":107,"column":26}}},"fnMap":{"0":{"name":"(anonymous_0)","decl":{"start":{"line":11,"column":20},"end":{"line":11,"column":21}},"loc":{"start":{"line":11,"column":26},"end":{"line":117,"column":1}},"line":11},"1":{"name":"(anonymous_1)","decl":{"start":{"line":22,"column":20},"end":{"line":22,"column":21}},"loc":{"start":{"line":22,"column":32},"end":{"line":29,"column":3}},"line":22},"2":{"name":"(anonymous_2)","decl":{"start":{"line":31,"column":12},"end":{"line":31,"column":13}},"loc":{"start":{"line":31,"column":18},"end":{"line":33,"column":3}},"line":31},"3":{"name":"(anonymous_3)","decl":{"start":{"line":35,"column":23},"end":{"line":35,"column":24}},"loc":{"start":{"line":35,"column":49},"end":{"line":44,"column":3}},"line":35},"4":{"name":"(anonymous_4)","decl":{"start":{"line":53,"column":23},"end":{"line":53,"column":24}},"loc":{"start":{"line":53,"column":33},"end":{"line":112,"column":11}},"line":53},"5":{"name":"(anonymous_5)","decl":{"start":{"line":73,"column":36},"end":{"line":73,"column":37}},"loc":{"start":{"line":73,"column":47},"end":{"line":73,"column":73}},"line":73},"6":{"name":"(anonymous_6)","decl":{"start":{"line":76,"column":38},"end":{"line":76,"column":39}},"loc":{"start":{"line":77,"column":28},"end":{"line":79,"column":37}},"line":77},"7":{"name":"(anonymous_7)","decl":{"start":{"line":91,"column":36},"end":{"line":91,"column":37}},"loc":{"start":{"line":92,"column":20},"end":{"line":107,"column":26}},"line":92}},"branchMap":{"0":{"loc":{"start":{"line":32,"column":4},"end":{"line":32,"column":33}},"type":"if","locations":[{"start":{"line":32,"column":4},"end":{"line":32,"column":33}},{"start":{},"end":{}}],"line":32},"1":{"loc":{"start":{"line":85,"column":27},"end":{"line":85,"column":68}},"type":"cond-expr","locations":[{"start":{"line":85,"column":48},"end":{"line":85,"column":57}},{"start":{"line":85,"column":60},"end":{"line":85,"column":68}}],"line":85}},"s":{"0":1,"1":1,"2":11,"3":10,"4":10,"5":10,"6":10,"7":6,"8":6,"9":5,"10":1,"11":10,"12":6,"13":5,"14":10,"15":2,"16":2,"17":1,"18":1,"19":10,"20":4,"21":2,"22":20,"23":1},"f":{"0":11,"1":6,"2":6,"3":2,"4":4,"5":2,"6":20,"7":1},"b":{"0":[5,1],"1":[3,1]},"_coverageSchema":"1a1c01bbd47fc00a2c39e90264f33305004495a9","hash":"488789af8df17d87ab91a80e6fc66eea536d0d4e"}
,"/Users/shika/Documents/Uni/cs4218-2520-ecom-project-cs4218-2520-team08/client/src/pages/admin/CreateCategory.js": {"path":"/Users/shika/Documents/Uni/cs4218-2520-ecom-project-cs4218-2520-team08/client/src/pages/admin/CreateCategory.js","statementMap":{"0":{"start":{"line":8,"column":23},"end":{"line":159,"column":1}},"1":{"start":{"line":9,"column":38},"end":{"line":9,"column":50}},"2":{"start":{"line":10,"column":26},"end":{"line":10,"column":38}},"3":{"start":{"line":11,"column":32},"end":{"line":11,"column":47}},"4":{"start":{"line":12,"column":34},"end":{"line":12,"column":48}},"5":{"start":{"line":13,"column":40},"end":{"line":13,"column":52}},"6":{"start":{"line":15,"column":23},"end":{"line":31,"column":3}},"7":{"start":{"line":16,"column":4},"end":{"line":16,"column":23}},"8":{"start":{"line":17,"column":4},"end":{"line":30,"column":5}},"9":{"start":{"line":18,"column":23},"end":{"line":20,"column":8}},"10":{"start":{"line":21,"column":6},"end":{"line":26,"column":7}},"11":{"start":{"line":22,"column":8},"end":{"line":22,"column":44}},"12":{"start":{"line":23,"column":8},"end":{"line":23,"column":25}},"13":{"start":{"line":25,"column":8},"end":{"line":25,"column":34}},"14":{"start":{"line":28,"column":6},"end":{"line":28,"column":25}},"15":{"start":{"line":29,"column":6},"end":{"line":29,"column":55}},"16":{"start":{"line":34,"column":25},"end":{"line":44,"column":3}},"17":{"start":{"line":35,"column":4},"end":{"line":43,"column":5}},"18":{"start":{"line":36,"column":23},"end":{"line":36,"column":71}},"19":{"start":{"line":37,"column":6},"end":{"line":39,"column":7}},"20":{"start":{"line":38,"column":8},"end":{"line":38,"column":37}},"21":{"start":{"line":41,"column":6},"end":{"line":41,"column":25}},"22":{"start":{"line":42,"column":6},"end":{"line":42,"column":63}},"23":{"start":{"line":46,"column":2},"end":{"line":48,"column":9}},"24":{"start":{"line":47,"column":4},"end":{"line":47,"column":21}},"25":{"start":{"line":51,"column":23},"end":{"line":70,"column":3}},"26":{"start":{"line":52,"column":4},"end":{"line":52,"column":23}},"27":{"start":{"line":53,"column":4},"end":{"line":69,"column":5}},"28":{"start":{"line":54,"column":23},"end":{"line":57,"column":7}},"29":{"start":{"line":58,"column":6},"end":{"line":66,"column":7}},"30":{"start":{"line":59,"column":8},"end":{"line":59,"column":51}},"31":{"start":{"line":60,"column":8},"end":{"line":60,"column":26}},"32":{"start":{"line":61,"column":8},"end":{"line":61,"column":27}},"33":{"start":{"line":62,"column":8},"end":{"line":62,"column":26}},"34":{"start":{"line":63,"column":8},"end":{"line":63,"column":25}},"35":{"start":{"line":65,"column":8},"end":{"line":65,"column":34}},"36":{"start":{"line":68,"column":6},"end":{"line":68,"column":42}},"37":{"start":{"line":72,"column":23},"end":{"line":87,"column":3}},"38":{"start":{"line":73,"column":4},"end":{"line":86,"column":5}},"39":{"start":{"line":74,"column":23},"end":{"line":76,"column":7}},"40":{"start":{"line":77,"column":6},"end":{"line":83,"column":7}},"41":{"start":{"line":78,"column":8},"end":{"line":78,"column":45}},"42":{"start":{"line":80,"column":8},"end":{"line":80,"column":25}},"43":{"start":{"line":82,"column":8},"end":{"line":82,"column":34}},"44":{"start":{"line":85,"column":6},"end":{"line":85,"column":42}},"45":{"start":{"line":88,"column":2},"end":{"line":158,"column":4}},"46":{"start":{"line":114,"column":20},"end":{"line":138,"column":23}},"47":{"start":{"line":121,"column":30},"end":{"line":121,"column":47}},"48":{"start":{"line":122,"column":30},"end":{"line":122,"column":53}},"49":{"start":{"line":123,"column":30},"end":{"line":123,"column":45}},"50":{"start":{"line":131,"column":30},"end":{"line":131,"column":50}},"51":{"start":{"line":144,"column":30},"end":{"line":144,"column":47}}},"fnMap":{"0":{"name":"(anonymous_0)","decl":{"start":{"line":8,"column":23},"end":{"line":8,"column":24}},"loc":{"start":{"line":8,"column":29},"end":{"line":159,"column":1}},"line":8},"1":{"name":"(anonymous_1)","decl":{"start":{"line":15,"column":23},"end":{"line":15,"column":24}},"loc":{"start":{"line":15,"column":36},"end":{"line":31,"column":3}},"line":15},"2":{"name":"(anonymous_2)","decl":{"start":{"line":34,"column":25},"end":{"line":34,"column":26}},"loc":{"start":{"line":34,"column":37},"end":{"line":44,"column":3}},"line":34},"3":{"name":"(anonymous_3)","decl":{"start":{"line":46,"column":12},"end":{"line":46,"column":13}},"loc":{"start":{"line":46,"column":18},"end":{"line":48,"column":3}},"line":46},"4":{"name":"(anonymous_4)","decl":{"start":{"line":51,"column":23},"end":{"line":51,"column":24}},"loc":{"start":{"line":51,"column":36},"end":{"line":70,"column":3}},"line":51},"5":{"name":"(anonymous_5)","decl":{"start":{"line":72,"column":23},"end":{"line":72,"column":24}},"loc":{"start":{"line":72,"column":38},"end":{"line":87,"column":3}},"line":72},"6":{"name":"(anonymous_6)","decl":{"start":{"line":113,"column":35},"end":{"line":113,"column":36}},"loc":{"start":{"line":114,"column":20},"end":{"line":138,"column":23}},"line":114},"7":{"name":"(anonymous_7)","decl":{"start":{"line":120,"column":37},"end":{"line":120,"column":38}},"loc":{"start":{"line":120,"column":43},"end":{"line":124,"column":29}},"line":120},"8":{"name":"(anonymous_8)","decl":{"start":{"line":130,"column":37},"end":{"line":130,"column":38}},"loc":{"start":{"line":130,"column":43},"end":{"line":132,"column":29}},"line":130},"9":{"name":"(anonymous_9)","decl":{"start":{"line":144,"column":24},"end":{"line":144,"column":25}},"loc":{"start":{"line":144,"column":30},"end":{"line":144,"column":47}},"line":144}},"branchMap":{"0":{"loc":{"start":{"line":21,"column":6},"end":{"line":26,"column":7}},"type":"if","locations":[{"start":{"line":21,"column":6},"end":{"line":26,"column":7}},{"start":{"line":24,"column":13},"end":{"line":26,"column":7}}],"line":21},"1":{"loc":{"start":{"line":37,"column":6},"end":{"line":39,"column":7}},"type":"if","locations":[{"start":{"line":37,"column":6},"end":{"line":39,"column":7}},{"start":{},"end":{}}],"line":37},"2":{"loc":{"start":{"line":58,"column":6},"end":{"line":66,"column":7}},"type":"if","locations":[{"start":{"line":58,"column":6},"end":{"line":66,"column":7}},{"start":{"line":64,"column":13},"end":{"line":66,"column":7}}],"line":58},"3":{"loc":{"start":{"line":77,"column":6},"end":{"line":83,"column":7}},"type":"if","locations":[{"start":{"line":77,"column":6},"end":{"line":83,"column":7}},{"start":{"line":81,"column":13},"end":{"line":83,"column":7}}],"line":77}},"s":{"0":1,"1":47,"2":46,"3":46,"4":46,"5":46,"6":46,"7":4,"8":4,"9":4,"10":3,"11":1,"12":1,"13":2,"14":2,"15":2,"16":46,"17":21,"18":21,"19":20,"20":18,"21":2,"22":2,"23":46,"24":18,"25":46,"26":4,"27":4,"28":4,"29":3,"30":1,"31":1,"32":1,"33":1,"34":1,"35":1,"36":2,"37":46,"38":4,"39":4,"40":3,"41":1,"42":1,"43":1,"44":2,"45":46,"46":20,"47":6,"48":6,"49":6,"50":4,"51":1},"f":{"0":47,"1":4,"2":21,"3":18,"4":4,"5":4,"6":20,"7":6,"8":4,"9":1},"b":{"0":[1,2],"1":[18,1],"2":[1,1],"3":[1,1]},"_coverageSchema":"1a1c01bbd47fc00a2c39e90264f33305004495a9","hash":"e72ad8721446d19902cf56277d42d687cc258541"}
,"/Users/shika/Documents/Uni/cs4218-2520-ecom-project-cs4218-2520-team08/client/src/pages/admin/CreateProduct.js": {"path":"/Users/shika/Documents/Uni/cs4218-2520-ecom-project-cs4218-2520-team08/client/src/pages/admin/CreateProduct.js","statementMap":{"0":{"start":{"line":8,"column":19},"end":{"line":8,"column":25}},"1":{"start":{"line":10,"column":22},"end":{"line":178,"column":1}},"2":{"start":{"line":11,"column":19},"end":{"line":11,"column":32}},"3":{"start":{"line":12,"column":38},"end":{"line":12,"column":50}},"4":{"start":{"line":13,"column":26},"end":{"line":13,"column":38}},"5":{"start":{"line":14,"column":40},"end":{"line":14,"column":52}},"6":{"start":{"line":15,"column":28},"end":{"line":15,"column":40}},"7":{"start":{"line":16,"column":34},"end":{"line":16,"column":46}},"8":{"start":{"line":17,"column":34},"end":{"line":17,"column":46}},"9":{"start":{"line":18,"column":34},"end":{"line":18,"column":46}},"10":{"start":{"line":19,"column":28},"end":{"line":19,"column":40}},"11":{"start":{"line":22,"column":25},"end":{"line":32,"column":3}},"12":{"start":{"line":23,"column":4},"end":{"line":31,"column":5}},"13":{"start":{"line":24,"column":23},"end":{"line":24,"column":71}},"14":{"start":{"line":25,"column":6},"end":{"line":27,"column":7}},"15":{"start":{"line":26,"column":8},"end":{"line":26,"column":38}},"16":{"start":{"line":29,"column":6},"end":{"line":29,"column":25}},"17":{"start":{"line":30,"column":6},"end":{"line":30,"column":63}},"18":{"start":{"line":34,"column":2},"end":{"line":36,"column":9}},"19":{"start":{"line":35,"column":4},"end":{"line":35,"column":21}},"20":{"start":{"line":39,"column":23},"end":{"line":63,"column":3}},"21":{"start":{"line":40,"column":4},"end":{"line":40,"column":23}},"22":{"start":{"line":41,"column":4},"end":{"line":62,"column":5}},"23":{"start":{"line":42,"column":26},"end":{"line":42,"column":40}},"24":{"start":{"line":43,"column":6},"end":{"line":43,"column":39}},"25":{"start":{"line":44,"column":6},"end":{"line":44,"column":53}},"26":{"start":{"line":45,"column":6},"end":{"line":45,"column":41}},"27":{"start":{"line":46,"column":6},"end":{"line":46,"column":47}},"28":{"start":{"line":47,"column":6},"end":{"line":47,"column":41}},"29":{"start":{"line":48,"column":6},"end":{"line":48,"column":47}},"30":{"start":{"line":49,"column":23},"end":{"line":52,"column":7}},"31":{"start":{"line":53,"column":6},"end":{"line":58,"column":7}},"32":{"start":{"line":54,"column":8},"end":{"line":54,"column":54}},"33":{"start":{"line":55,"column":8},"end":{"line":55,"column":46}},"34":{"start":{"line":57,"column":8},"end":{"line":57,"column":35}},"35":{"start":{"line":60,"column":6},"end":{"line":60,"column":25}},"36":{"start":{"line":61,"column":6},"end":{"line":61,"column":42}},"37":{"start":{"line":65,"column":2},"end":{"line":177,"column":4}},"38":{"start":{"line":82,"column":18},"end":{"line":82,"column":37}},"39":{"start":{"line":86,"column":18},"end":{"line":88,"column":27}},"40":{"start":{"line":98,"column":37},"end":{"line":98,"column":64}},"41":{"start":{"line":121,"column":35},"end":{"line":121,"column":58}},"42":{"start":{"line":130,"column":35},"end":{"line":130,"column":65}},"43":{"start":{"line":140,"column":35},"end":{"line":140,"column":59}},"44":{"start":{"line":149,"column":35},"end":{"line":149,"column":62}},"45":{"start":{"line":160,"column":20},"end":{"line":160,"column":39}}},"fnMap":{"0":{"name":"(anonymous_0)","decl":{"start":{"line":10,"column":22},"end":{"line":10,"column":23}},"loc":{"start":{"line":10,"column":28},"end":{"line":178,"column":1}},"line":10},"1":{"name":"(anonymous_1)","decl":{"start":{"line":22,"column":25},"end":{"line":22,"column":26}},"loc":{"start":{"line":22,"column":37},"end":{"line":32,"column":3}},"line":22},"2":{"name":"(anonymous_2)","decl":{"start":{"line":34,"column":12},"end":{"line":34,"column":13}},"loc":{"start":{"line":34,"column":18},"end":{"line":36,"column":3}},"line":34},"3":{"name":"(anonymous_3)","decl":{"start":{"line":39,"column":23},"end":{"line":39,"column":24}},"loc":{"start":{"line":39,"column":36},"end":{"line":63,"column":3}},"line":39},"4":{"name":"(anonymous_4)","decl":{"start":{"line":81,"column":26},"end":{"line":81,"column":27}},"loc":{"start":{"line":81,"column":37},"end":{"line":83,"column":17}},"line":81},"5":{"name":"(anonymous_5)","decl":{"start":{"line":85,"column":33},"end":{"line":85,"column":34}},"loc":{"start":{"line":86,"column":18},"end":{"line":88,"column":27}},"line":86},"6":{"name":"(anonymous_6)","decl":{"start":{"line":98,"column":30},"end":{"line":98,"column":31}},"loc":{"start":{"line":98,"column":37},"end":{"line":98,"column":64}},"line":98},"7":{"name":"(anonymous_7)","decl":{"start":{"line":121,"column":28},"end":{"line":121,"column":29}},"loc":{"start":{"line":121,"column":35},"end":{"line":121,"column":58}},"line":121},"8":{"name":"(anonymous_8)","decl":{"start":{"line":130,"column":28},"end":{"line":130,"column":29}},"loc":{"start":{"line":130,"column":35},"end":{"line":130,"column":65}},"line":130},"9":{"name":"(anonymous_9)","decl":{"start":{"line":140,"column":28},"end":{"line":140,"column":29}},"loc":{"start":{"line":140,"column":35},"end":{"line":140,"column":59}},"line":140},"10":{"name":"(anonymous_10)","decl":{"start":{"line":149,"column":28},"end":{"line":149,"column":29}},"loc":{"start":{"line":149,"column":35},"end":{"line":149,"column":62}},"line":149},"11":{"name":"(anonymous_11)","decl":{"start":{"line":159,"column":28},"end":{"line":159,"column":29}},"loc":{"start":{"line":159,"column":39},"end":{"line":161,"column":19}},"line":159}},"branchMap":{"0":{"loc":{"start":{"line":25,"column":6},"end":{"line":27,"column":7}},"type":"if","locations":[{"start":{"line":25,"column":6},"end":{"line":27,"column":7}},{"start":{},"end":{}}],"line":25},"1":{"loc":{"start":{"line":53,"column":6},"end":{"line":58,"column":7}},"type":"if","locations":[{"start":{"line":53,"column":6},"end":{"line":58,"column":7}},{"start":{"line":56,"column":13},"end":{"line":58,"column":7}}],"line":53},"2":{"loc":{"start":{"line":93,"column":19},"end":{"line":93,"column":54}},"type":"cond-expr","locations":[{"start":{"line":93,"column":27},"end":{"line":93,"column":37}},{"start":{"line":93,"column":40},"end":{"line":93,"column":54}}],"line":93},"3":{"loc":{"start":{"line":104,"column":17},"end":{"line":113,"column":17}},"type":"binary-expr","locations":[{"start":{"line":104,"column":17},"end":{"line":104,"column":22}},{"start":{"line":105,"column":18},"end":{"line":112,"column":24}}],"line":104}},"s":{"0":1,"1":1,"2":15,"3":15,"4":15,"5":15,"6":15,"7":15,"8":15,"9":15,"10":15,"11":15,"12":6,"13":6,"14":5,"15":5,"16":1,"17":1,"18":15,"19":6,"20":15,"21":2,"22":2,"23":2,"24":2,"25":2,"26":2,"27":2,"28":2,"29":2,"30":2,"31":2,"32":0,"33":0,"34":2,"35":0,"36":0,"37":15,"38":2,"39":7,"40":1,"41":1,"42":1,"43":1,"44":1,"45":0},"f":{"0":15,"1":6,"2":6,"3":2,"4":2,"5":7,"6":1,"7":1,"8":1,"9":1,"10":1,"11":0},"b":{"0":[5,0],"1":[0,2],"2":[5,10],"3":[15,5]},"_coverageSchema":"1a1c01bbd47fc00a2c39e90264f33305004495a9","hash":"c4221bfdeba3303330932b39448fb06a2d00dc74"}
,"/Users/shika/Documents/Uni/cs4218-2520-ecom-project-cs4218-2520-team08/client/src/pages/admin/Products.js": {"path":"/Users/shika/Documents/Uni/cs4218-2520-ecom-project-cs4218-2520-team08/client/src/pages/admin/Products.js","statementMap":{"0":{"start":{"line":7,"column":17},"end":{"line":58,"column":1}},"1":{"start":{"line":8,"column":34},"end":{"line":8,"column":46}},"2":{"start":{"line":11,"column":25},"end":{"line":19,"column":3}},"3":{"start":{"line":12,"column":4},"end":{"line":18,"column":5}},"4":{"start":{"line":13,"column":23},"end":{"line":13,"column":69}},"5":{"start":{"line":14,"column":6},"end":{"line":14,"column":33}},"6":{"start":{"line":16,"column":6},"end":{"line":16,"column":25}},"7":{"start":{"line":17,"column":6},"end":{"line":17,"column":43}},"8":{"start":{"line":22,"column":2},"end":{"line":24,"column":9}},"9":{"start":{"line":23,"column":4},"end":{"line":23,"column":21}},"10":{"start":{"line":25,"column":2},"end":{"line":57,"column":4}},"11":{"start":{"line":35,"column":14},"end":{"line":51,"column":21}}},"fnMap":{"0":{"name":"(anonymous_0)","decl":{"start":{"line":7,"column":17},"end":{"line":7,"column":18}},"loc":{"start":{"line":7,"column":23},"end":{"line":58,"column":1}},"line":7},"1":{"name":"(anonymous_1)","decl":{"start":{"line":11,"column":25},"end":{"line":11,"column":26}},"loc":{"start":{"line":11,"column":37},"end":{"line":19,"column":3}},"line":11},"2":{"name":"(anonymous_2)","decl":{"start":{"line":22,"column":12},"end":{"line":22,"column":13}},"loc":{"start":{"line":22,"column":18},"end":{"line":24,"column":3}},"line":22},"3":{"name":"(anonymous_3)","decl":{"start":{"line":34,"column":27},"end":{"line":34,"column":28}},"loc":{"start":{"line":35,"column":14},"end":{"line":51,"column":21}},"line":35}},"branchMap":{},"s":{"0":1,"1":3,"2":3,"3":3,"4":3,"5":2,"6":1,"7":1,"8":3,"9":3,"10":3,"11":0},"f":{"0":3,"1":3,"2":3,"3":0},"b":{},"_coverageSchema":"1a1c01bbd47fc00a2c39e90264f33305004495a9","hash":"a3cf8b96c91e97b78009178561973de3fa1c77f6"}
,"/Users/shika/Documents/Uni/cs4218-2520-ecom-project-cs4218-2520-team08/client/src/pages/admin/UpdateProduct.js": {"path":"/Users/shika/Documents/Uni/cs4218-2520-ecom-project-cs4218-2520-team08/client/src/pages/admin/UpdateProduct.js","statementMap":{"0":{"start":{"line":8,"column":19},"end":{"line":8,"column":25}},"1":{"start":{"line":10,"column":22},"end":{"line":233,"column":1}},"2":{"start":{"line":11,"column":19},"end":{"line":11,"column":32}},"3":{"start":{"line":12,"column":17},"end":{"line":12,"column":28}},"4":{"start":{"line":13,"column":38},"end":{"line":13,"column":50}},"5":{"start":{"line":14,"column":26},"end":{"line":14,"column":38}},"6":{"start":{"line":15,"column":40},"end":{"line":15,"column":52}},"7":{"start":{"line":16,"column":28},"end":{"line":16,"column":40}},"8":{"start":{"line":17,"column":34},"end":{"line":17,"column":46}},"9":{"start":{"line":18,"column":34},"end":{"line":18,"column":46}},"10":{"start":{"line":19,"column":34},"end":{"line":19,"column":46}},"11":{"start":{"line":20,"column":28},"end":{"line":20,"column":40}},"12":{"start":{"line":21,"column":22},"end":{"line":21,"column":34}},"13":{"start":{"line":24,"column":27},"end":{"line":40,"column":3}},"14":{"start":{"line":25,"column":4},"end":{"line":39,"column":5}},"15":{"start":{"line":26,"column":23},"end":{"line":28,"column":7}},"16":{"start":{"line":29,"column":6},"end":{"line":29,"column":33}},"17":{"start":{"line":30,"column":6},"end":{"line":30,"column":30}},"18":{"start":{"line":31,"column":6},"end":{"line":31,"column":47}},"19":{"start":{"line":32,"column":6},"end":{"line":32,"column":35}},"20":{"start":{"line":33,"column":6},"end":{"line":33,"column":35}},"21":{"start":{"line":34,"column":6},"end":{"line":34,"column":41}},"22":{"start":{"line":35,"column":6},"end":{"line":35,"column":41}},"23":{"start":{"line":36,"column":6},"end":{"line":36,"column":45}},"24":{"start":{"line":38,"column":6},"end":{"line":38,"column":25}},"25":{"start":{"line":41,"column":2},"end":{"line":44,"column":9}},"26":{"start":{"line":42,"column":4},"end":{"line":42,"column":23}},"27":{"start":{"line":46,"column":25},"end":{"line":56,"column":3}},"28":{"start":{"line":47,"column":4},"end":{"line":55,"column":5}},"29":{"start":{"line":48,"column":23},"end":{"line":48,"column":71}},"30":{"start":{"line":49,"column":6},"end":{"line":51,"column":7}},"31":{"start":{"line":50,"column":8},"end":{"line":50,"column":38}},"32":{"start":{"line":53,"column":6},"end":{"line":53,"column":25}},"33":{"start":{"line":54,"column":6},"end":{"line":54,"column":63}},"34":{"start":{"line":58,"column":2},"end":{"line":60,"column":9}},"35":{"start":{"line":59,"column":4},"end":{"line":59,"column":21}},"36":{"start":{"line":63,"column":23},"end":{"line":87,"column":3}},"37":{"start":{"line":64,"column":4},"end":{"line":64,"column":23}},"38":{"start":{"line":65,"column":4},"end":{"line":86,"column":5}},"39":{"start":{"line":66,"column":26},"end":{"line":66,"column":40}},"40":{"start":{"line":67,"column":6},"end":{"line":67,"column":39}},"41":{"start":{"line":68,"column":6},"end":{"line":68,"column":53}},"42":{"start":{"line":69,"column":6},"end":{"line":69,"column":41}},"43":{"start":{"line":70,"column":6},"end":{"line":70,"column":47}},"44":{"start":{"line":71,"column":6},"end":{"line":71,"column":50}},"45":{"start":{"line":72,"column":6},"end":{"line":72,"column":47}},"46":{"start":{"line":73,"column":23},"end":{"line":76,"column":7}},"47":{"start":{"line":77,"column":6},"end":{"line":82,"column":7}},"48":{"start":{"line":78,"column":8},"end":{"line":78,"column":35}},"49":{"start":{"line":80,"column":8},"end":{"line":80,"column":54}},"50":{"start":{"line":81,"column":8},"end":{"line":81,"column":46}},"51":{"start":{"line":84,"column":6},"end":{"line":84,"column":25}},"52":{"start":{"line":85,"column":6},"end":{"line":85,"column":42}},"53":{"start":{"line":90,"column":23},"end":{"line":103,"column":3}},"54":{"start":{"line":91,"column":4},"end":{"line":102,"column":5}},"55":{"start":{"line":92,"column":19},"end":{"line":92,"column":79}},"56":{"start":{"line":93,"column":6},"end":{"line":93,"column":26}},"57":{"start":{"line":93,"column":19},"end":{"line":93,"column":26}},"58":{"start":{"line":94,"column":23},"end":{"line":96,"column":7}},"59":{"start":{"line":97,"column":6},"end":{"line":97,"column":49}},"60":{"start":{"line":98,"column":6},"end":{"line":98,"column":44}},"61":{"start":{"line":100,"column":6},"end":{"line":100,"column":25}},"62":{"start":{"line":101,"column":6},"end":{"line":101,"column":42}},"63":{"start":{"line":104,"column":2},"end":{"line":232,"column":4}},"64":{"start":{"line":121,"column":18},"end":{"line":121,"column":37}},"65":{"start":{"line":126,"column":18},"end":{"line":128,"column":27}},"66":{"start":{"line":138,"column":37},"end":{"line":138,"column":64}},"67":{"start":{"line":170,"column":35},"end":{"line":170,"column":58}},"68":{"start":{"line":179,"column":35},"end":{"line":179,"column":65}},"69":{"start":{"line":189,"column":35},"end":{"line":189,"column":59}},"70":{"start":{"line":198,"column":35},"end":{"line":198,"column":62}},"71":{"start":{"line":209,"column":20},"end":{"line":209,"column":39}}},"fnMap":{"0":{"name":"(anonymous_0)","decl":{"start":{"line":10,"column":22},"end":{"line":10,"column":23}},"loc":{"start":{"line":10,"column":28},"end":{"line":233,"column":1}},"line":10},"1":{"name":"(anonymous_1)","decl":{"start":{"line":24,"column":27},"end":{"line":24,"column":28}},"loc":{"start":{"line":24,"column":39},"end":{"line":40,"column":3}},"line":24},"2":{"name":"(anonymous_2)","decl":{"start":{"line":41,"column":12},"end":{"line":41,"column":13}},"loc":{"start":{"line":41,"column":18},"end":{"line":44,"column":3}},"line":41},"3":{"name":"(anonymous_3)","decl":{"start":{"line":46,"column":25},"end":{"line":46,"column":26}},"loc":{"start":{"line":46,"column":37},"end":{"line":56,"column":3}},"line":46},"4":{"name":"(anonymous_4)","decl":{"start":{"line":58,"column":12},"end":{"line":58,"column":13}},"loc":{"start":{"line":58,"column":18},"end":{"line":60,"column":3}},"line":58},"5":{"name":"(anonymous_5)","decl":{"start":{"line":63,"column":23},"end":{"line":63,"column":24}},"loc":{"start":{"line":63,"column":36},"end":{"line":87,"column":3}},"line":63},"6":{"name":"(anonymous_6)","decl":{"start":{"line":90,"column":23},"end":{"line":90,"column":24}},"loc":{"start":{"line":90,"column":35},"end":{"line":103,"column":3}},"line":90},"7":{"name":"(anonymous_7)","decl":{"start":{"line":120,"column":26},"end":{"line":120,"column":27}},"loc":{"start":{"line":120,"column":37},"end":{"line":122,"column":17}},"line":120},"8":{"name":"(anonymous_8)","decl":{"start":{"line":125,"column":33},"end":{"line":125,"column":34}},"loc":{"start":{"line":126,"column":18},"end":{"line":128,"column":27}},"line":126},"9":{"name":"(anonymous_9)","decl":{"start":{"line":138,"column":30},"end":{"line":138,"column":31}},"loc":{"start":{"line":138,"column":37},"end":{"line":138,"column":64}},"line":138},"10":{"name":"(anonymous_10)","decl":{"start":{"line":170,"column":28},"end":{"line":170,"column":29}},"loc":{"start":{"line":170,"column":35},"end":{"line":170,"column":58}},"line":170},"11":{"name":"(anonymous_11)","decl":{"start":{"line":179,"column":28},"end":{"line":179,"column":29}},"loc":{"start":{"line":179,"column":35},"end":{"line":179,"column":65}},"line":179},"12":{"name":"(anonymous_12)","decl":{"start":{"line":189,"column":28},"end":{"line":189,"column":29}},"loc":{"start":{"line":189,"column":35},"end":{"line":189,"column":59}},"line":189},"13":{"name":"(anonymous_13)","decl":{"start":{"line":198,"column":28},"end":{"line":198,"column":29}},"loc":{"start":{"line":198,"column":35},"end":{"line":198,"column":62}},"line":198},"14":{"name":"(anonymous_14)","decl":{"start":{"line":208,"column":28},"end":{"line":208,"column":29}},"loc":{"start":{"line":208,"column":39},"end":{"line":210,"column":19}},"line":208}},"branchMap":{"0":{"loc":{"start":{"line":49,"column":6},"end":{"line":51,"column":7}},"type":"if","locations":[{"start":{"line":49,"column":6},"end":{"line":51,"column":7}},{"start":{},"end":{}}],"line":49},"1":{"loc":{"start":{"line":71,"column":6},"end":{"line":71,"column":49}},"type":"binary-expr","locations":[{"start":{"line":71,"column":6},"end":{"line":71,"column":11}},{"start":{"line":71,"column":15},"end":{"line":71,"column":49}}],"line":71},"2":{"loc":{"start":{"line":77,"column":6},"end":{"line":82,"column":7}},"type":"if","locations":[{"start":{"line":77,"column":6},"end":{"line":82,"column":7}},{"start":{"line":79,"column":13},"end":{"line":82,"column":7}}],"line":77},"3":{"loc":{"start":{"line":93,"column":6},"end":{"line":93,"column":26}},"type":"if","locations":[{"start":{"line":93,"column":6},"end":{"line":93,"column":26}},{"start":{},"end":{}}],"line":93},"4":{"loc":{"start":{"line":133,"column":19},"end":{"line":133,"column":54}},"type":"cond-expr","locations":[{"start":{"line":133,"column":27},"end":{"line":133,"column":37}},{"start":{"line":133,"column":40},"end":{"line":133,"column":54}}],"line":133},"5":{"loc":{"start":{"line":144,"column":17},"end":{"line":162,"column":17}},"type":"cond-expr","locations":[{"start":{"line":145,"column":18},"end":{"line":152,"column":24}},{"start":{"line":154,"column":18},"end":{"line":161,"column":24}}],"line":144},"6":{"loc":{"start":{"line":211,"column":25},"end":{"line":211,"column":48}},"type":"cond-expr","locations":[{"start":{"line":211,"column":36},"end":{"line":211,"column":41}},{"start":{"line":211,"column":44},"end":{"line":211,"column":48}}],"line":211}},"s":{"0":1,"1":1,"2":15,"3":15,"4":15,"5":15,"6":15,"7":15,"8":15,"9":15,"10":15,"11":15,"12":15,"13":15,"14":10,"15":10,"16":9,"17":9,"18":9,"19":9,"20":9,"21":9,"22":9,"23":9,"24":1,"25":15,"26":10,"27":15,"28":10,"29":10,"30":9,"31":9,"32":1,"33":1,"34":15,"35":10,"36":15,"37":3,"38":3,"39":3,"40":3,"41":3,"42":3,"43":3,"44":3,"45":3,"46":3,"47":3,"48":0,"49":3,"50":3,"51":0,"52":0,"53":15,"54":3,"55":3,"56":3,"57":1,"58":2,"59":1,"60":1,"61":1,"62":1,"63":15,"64":0,"65":2,"66":1,"67":1,"68":0,"69":0,"70":0,"71":0},"f":{"0":15,"1":10,"2":10,"3":10,"4":10,"5":3,"6":3,"7":0,"8":2,"9":1,"10":1,"11":0,"12":0,"13":0,"14":0},"b":{"0":[9,0],"1":[3,0],"2":[0,3],"3":[1,2],"4":[2,13],"5":[2,13],"6":[0,15]},"_coverageSchema":"1a1c01bbd47fc00a2c39e90264f33305004495a9","hash":"f19ac1713ebaf731f836e76d084d4bcd9daa96ed"}
}
