{"/Users/ziyi03/Desktop/CS4218/Unit Testing/cs4218-2520-ecom-project-cs4218-2520-team08/controllers/authController.js": {"path":"/Users/ziyi03/Desktop/CS4218/Unit Testing/cs4218-2520-ecom-project-cs4218-2520-team08/controllers/authController.js","statementMap":{"0":{"start":{"line":7,"column":34},"end":{"line":63,"column":1}},"1":{"start":{"line":8,"column":2},"end":{"line":62,"column":3}},"2":{"start":{"line":9,"column":62},"end":{"line":9,"column":70}},"3":{"start":{"line":11,"column":4},"end":{"line":13,"column":5}},"4":{"start":{"line":12,"column":6},"end":{"line":12,"column":53}},"5":{"start":{"line":14,"column":4},"end":{"line":16,"column":5}},"6":{"start":{"line":15,"column":6},"end":{"line":15,"column":56}},"7":{"start":{"line":17,"column":4},"end":{"line":19,"column":5}},"8":{"start":{"line":18,"column":6},"end":{"line":18,"column":59}},"9":{"start":{"line":20,"column":4},"end":{"line":22,"column":5}},"10":{"start":{"line":21,"column":6},"end":{"line":21,"column":59}},"11":{"start":{"line":23,"column":4},"end":{"line":25,"column":5}},"12":{"start":{"line":24,"column":6},"end":{"line":24,"column":58}},"13":{"start":{"line":26,"column":4},"end":{"line":28,"column":5}},"14":{"start":{"line":27,"column":6},"end":{"line":27,"column":57}},"15":{"start":{"line":30,"column":26},"end":{"line":30,"column":60}},"16":{"start":{"line":32,"column":4},"end":{"line":37,"column":5}},"17":{"start":{"line":33,"column":6},"end":{"line":36,"column":9}},"18":{"start":{"line":39,"column":27},"end":{"line":39,"column":55}},"19":{"start":{"line":41,"column":17},"end":{"line":48,"column":13}},"20":{"start":{"line":50,"column":4},"end":{"line":54,"column":7}},"21":{"start":{"line":56,"column":4},"end":{"line":56,"column":23}},"22":{"start":{"line":57,"column":4},"end":{"line":61,"column":7}},"23":{"start":{"line":66,"column":31},"end":{"line":116,"column":1}},"24":{"start":{"line":67,"column":2},"end":{"line":115,"column":3}},"25":{"start":{"line":68,"column":32},"end":{"line":68,"column":40}},"26":{"start":{"line":70,"column":4},"end":{"line":75,"column":5}},"27":{"start":{"line":71,"column":6},"end":{"line":74,"column":9}},"28":{"start":{"line":77,"column":17},"end":{"line":77,"column":51}},"29":{"start":{"line":78,"column":4},"end":{"line":83,"column":5}},"30":{"start":{"line":79,"column":6},"end":{"line":82,"column":9}},"31":{"start":{"line":84,"column":18},"end":{"line":84,"column":64}},"32":{"start":{"line":85,"column":4},"end":{"line":90,"column":5}},"33":{"start":{"line":86,"column":6},"end":{"line":89,"column":9}},"34":{"start":{"line":92,"column":18},"end":{"line":94,"column":6}},"35":{"start":{"line":95,"column":4},"end":{"line":107,"column":7}},"36":{"start":{"line":109,"column":4},"end":{"line":109,"column":23}},"37":{"start":{"line":110,"column":4},"end":{"line":114,"column":7}},"38":{"start":{"line":120,"column":40},"end":{"line":155,"column":1}},"39":{"start":{"line":121,"column":2},"end":{"line":154,"column":3}},"40":{"start":{"line":122,"column":43},"end":{"line":122,"column":51}},"41":{"start":{"line":123,"column":4},"end":{"line":125,"column":5}},"42":{"start":{"line":124,"column":6},"end":{"line":124,"column":60}},"43":{"start":{"line":126,"column":4},"end":{"line":128,"column":5}},"44":{"start":{"line":127,"column":6},"end":{"line":127,"column":62}},"45":{"start":{"line":129,"column":4},"end":{"line":131,"column":5}},"46":{"start":{"line":130,"column":6},"end":{"line":130,"column":68}},"47":{"start":{"line":133,"column":17},"end":{"line":133,"column":59}},"48":{"start":{"line":135,"column":4},"end":{"line":140,"column":5}},"49":{"start":{"line":136,"column":6},"end":{"line":139,"column":9}},"50":{"start":{"line":141,"column":19},"end":{"line":141,"column":50}},"51":{"start":{"line":142,"column":4},"end":{"line":142,"column":70}},"52":{"start":{"line":143,"column":4},"end":{"line":146,"column":7}},"53":{"start":{"line":148,"column":4},"end":{"line":148,"column":23}},"54":{"start":{"line":149,"column":4},"end":{"line":153,"column":7}},"55":{"start":{"line":158,"column":30},"end":{"line":165,"column":1}},"56":{"start":{"line":159,"column":2},"end":{"line":164,"column":3}},"57":{"start":{"line":160,"column":4},"end":{"line":160,"column":33}},"58":{"start":{"line":162,"column":4},"end":{"line":162,"column":23}},"59":{"start":{"line":163,"column":4},"end":{"line":163,"column":24}},"60":{"start":{"line":168,"column":39},"end":{"line":200,"column":1}},"61":{"start":{"line":169,"column":2},"end":{"line":199,"column":3}},"62":{"start":{"line":170,"column":54},"end":{"line":170,"column":62}},"63":{"start":{"line":171,"column":17},"end":{"line":171,"column":55}},"64":{"start":{"line":173,"column":4},"end":{"line":175,"column":5}},"65":{"start":{"line":174,"column":6},"end":{"line":174,"column":79}},"66":{"start":{"line":176,"column":27},"end":{"line":176,"column":78}},"67":{"start":{"line":177,"column":24},"end":{"line":186,"column":5}},"68":{"start":{"line":187,"column":4},"end":{"line":191,"column":7}},"69":{"start":{"line":193,"column":4},"end":{"line":193,"column":23}},"70":{"start":{"line":194,"column":4},"end":{"line":198,"column":7}},"71":{"start":{"line":203,"column":35},"end":{"line":218,"column":1}},"72":{"start":{"line":204,"column":2},"end":{"line":217,"column":3}},"73":{"start":{"line":205,"column":19},"end":{"line":208,"column":32}},"74":{"start":{"line":209,"column":4},"end":{"line":209,"column":21}},"75":{"start":{"line":211,"column":4},"end":{"line":211,"column":23}},"76":{"start":{"line":212,"column":4},"end":{"line":216,"column":7}},"77":{"start":{"line":220,"column":38},"end":{"line":236,"column":1}},"78":{"start":{"line":221,"column":2},"end":{"line":235,"column":3}},"79":{"start":{"line":222,"column":19},"end":{"line":226,"column":32}},"80":{"start":{"line":227,"column":4},"end":{"line":227,"column":21}},"81":{"start":{"line":229,"column":4},"end":{"line":229,"column":23}},"82":{"start":{"line":230,"column":4},"end":{"line":234,"column":7}},"83":{"start":{"line":239,"column":37},"end":{"line":257,"column":1}},"84":{"start":{"line":240,"column":2},"end":{"line":256,"column":3}},"85":{"start":{"line":241,"column":24},"end":{"line":241,"column":34}},"86":{"start":{"line":242,"column":23},"end":{"line":242,"column":31}},"87":{"start":{"line":243,"column":19},"end":{"line":247,"column":5}},"88":{"start":{"line":248,"column":4},"end":{"line":248,"column":21}},"89":{"start":{"line":250,"column":4},"end":{"line":250,"column":23}},"90":{"start":{"line":251,"column":4},"end":{"line":255,"column":7}}},"fnMap":{"0":{"name":"(anonymous_0)","decl":{"start":{"line":7,"column":34},"end":{"line":7,"column":35}},"loc":{"start":{"line":7,"column":54},"end":{"line":63,"column":1}},"line":7},"1":{"name":"(anonymous_1)","decl":{"start":{"line":66,"column":31},"end":{"line":66,"column":32}},"loc":{"start":{"line":66,"column":51},"end":{"line":116,"column":1}},"line":66},"2":{"name":"(anonymous_2)","decl":{"start":{"line":120,"column":40},"end":{"line":120,"column":41}},"loc":{"start":{"line":120,"column":60},"end":{"line":155,"column":1}},"line":120},"3":{"name":"(anonymous_3)","decl":{"start":{"line":158,"column":30},"end":{"line":158,"column":31}},"loc":{"start":{"line":158,"column":44},"end":{"line":165,"column":1}},"line":158},"4":{"name":"(anonymous_4)","decl":{"start":{"line":168,"column":39},"end":{"line":168,"column":40}},"loc":{"start":{"line":168,"column":59},"end":{"line":200,"column":1}},"line":168},"5":{"name":"(anonymous_5)","decl":{"start":{"line":203,"column":35},"end":{"line":203,"column":36}},"loc":{"start":{"line":203,"column":55},"end":{"line":218,"column":1}},"line":203},"6":{"name":"(anonymous_6)","decl":{"start":{"line":220,"column":38},"end":{"line":220,"column":39}},"loc":{"start":{"line":220,"column":58},"end":{"line":236,"column":1}},"line":220},"7":{"name":"(anonymous_7)","decl":{"start":{"line":239,"column":37},"end":{"line":239,"column":38}},"loc":{"start":{"line":239,"column":57},"end":{"line":257,"column":1}},"line":239}},"branchMap":{"0":{"loc":{"start":{"line":11,"column":4},"end":{"line":13,"column":5}},"type":"if","locations":[{"start":{"line":11,"column":4},"end":{"line":13,"column":5}},{"start":{},"end":{}}],"line":11},"1":{"loc":{"start":{"line":14,"column":4},"end":{"line":16,"column":5}},"type":"if","locations":[{"start":{"line":14,"column":4},"end":{"line":16,"column":5}},{"start":{},"end":{}}],"line":14},"2":{"loc":{"start":{"line":17,"column":4},"end":{"line":19,"column":5}},"type":"if","locations":[{"start":{"line":17,"column":4},"end":{"line":19,"column":5}},{"start":{},"end":{}}],"line":17},"3":{"loc":{"start":{"line":20,"column":4},"end":{"line":22,"column":5}},"type":"if","locations":[{"start":{"line":20,"column":4},"end":{"line":22,"column":5}},{"start":{},"end":{}}],"line":20},"4":{"loc":{"start":{"line":23,"column":4},"end":{"line":25,"column":5}},"type":"if","locations":[{"start":{"line":23,"column":4},"end":{"line":25,"column":5}},{"start":{},"end":{}}],"line":23},"5":{"loc":{"start":{"line":26,"column":4},"end":{"line":28,"column":5}},"type":"if","locations":[{"start":{"line":26,"column":4},"end":{"line":28,"column":5}},{"start":{},"end":{}}],"line":26},"6":{"loc":{"start":{"line":32,"column":4},"end":{"line":37,"column":5}},"type":"if","locations":[{"start":{"line":32,"column":4},"end":{"line":37,"column":5}},{"start":{},"end":{}}],"line":32},"7":{"loc":{"start":{"line":70,"column":4},"end":{"line":75,"column":5}},"type":"if","locations":[{"start":{"line":70,"column":4},"end":{"line":75,"column":5}},{"start":{},"end":{}}],"line":70},"8":{"loc":{"start":{"line":70,"column":8},"end":{"line":70,"column":27}},"type":"binary-expr","locations":[{"start":{"line":70,"column":8},"end":{"line":70,"column":14}},{"start":{"line":70,"column":18},"end":{"line":70,"column":27}}],"line":70},"9":{"loc":{"start":{"line":78,"column":4},"end":{"line":83,"column":5}},"type":"if","locations":[{"start":{"line":78,"column":4},"end":{"line":83,"column":5}},{"start":{},"end":{}}],"line":78},"10":{"loc":{"start":{"line":85,"column":4},"end":{"line":90,"column":5}},"type":"if","locations":[{"start":{"line":85,"column":4},"end":{"line":90,"column":5}},{"start":{},"end":{}}],"line":85},"11":{"loc":{"start":{"line":123,"column":4},"end":{"line":125,"column":5}},"type":"if","locations":[{"start":{"line":123,"column":4},"end":{"line":125,"column":5}},{"start":{},"end":{}}],"line":123},"12":{"loc":{"start":{"line":126,"column":4},"end":{"line":128,"column":5}},"type":"if","locations":[{"start":{"line":126,"column":4},"end":{"line":128,"column":5}},{"start":{},"end":{}}],"line":126},"13":{"loc":{"start":{"line":129,"column":4},"end":{"line":131,"column":5}},"type":"if","locations":[{"start":{"line":129,"column":4},"end":{"line":131,"column":5}},{"start":{},"end":{}}],"line":129},"14":{"loc":{"start":{"line":135,"column":4},"end":{"line":140,"column":5}},"type":"if","locations":[{"start":{"line":135,"column":4},"end":{"line":140,"column":5}},{"start":{},"end":{}}],"line":135},"15":{"loc":{"start":{"line":173,"column":4},"end":{"line":175,"column":5}},"type":"if","locations":[{"start":{"line":173,"column":4},"end":{"line":175,"column":5}},{"start":{},"end":{}}],"line":173},"16":{"loc":{"start":{"line":173,"column":8},"end":{"line":173,"column":39}},"type":"binary-expr","locations":[{"start":{"line":173,"column":8},"end":{"line":173,"column":16}},{"start":{"line":173,"column":20},"end":{"line":173,"column":39}}],"line":173},"17":{"loc":{"start":{"line":176,"column":27},"end":{"line":176,"column":78}},"type":"cond-expr","locations":[{"start":{"line":176,"column":38},"end":{"line":176,"column":66}},{"start":{"line":176,"column":69},"end":{"line":176,"column":78}}],"line":176},"18":{"loc":{"start":{"line":180,"column":14},"end":{"line":180,"column":31}},"type":"binary-expr","locations":[{"start":{"line":180,"column":14},"end":{"line":180,"column":18}},{"start":{"line":180,"column":22},"end":{"line":180,"column":31}}],"line":180},"19":{"loc":{"start":{"line":181,"column":18},"end":{"line":181,"column":49}},"type":"binary-expr","locations":[{"start":{"line":181,"column":18},"end":{"line":181,"column":32}},{"start":{"line":181,"column":36},"end":{"line":181,"column":49}}],"line":181},"20":{"loc":{"start":{"line":182,"column":15},"end":{"line":182,"column":34}},"type":"binary-expr","locations":[{"start":{"line":182,"column":15},"end":{"line":182,"column":20}},{"start":{"line":182,"column":24},"end":{"line":182,"column":34}}],"line":182},"21":{"loc":{"start":{"line":183,"column":17},"end":{"line":183,"column":40}},"type":"binary-expr","locations":[{"start":{"line":183,"column":17},"end":{"line":183,"column":24}},{"start":{"line":183,"column":28},"end":{"line":183,"column":40}}],"line":183}},"s":{"0":1,"1":0,"2":0,"3":0,"4":0,"5":0,"6":0,"7":0,"8":0,"9":0,"10":0,"11":0,"12":0,"13":0,"14":0,"15":0,"16":0,"17":0,"18":0,"19":0,"20":0,"21":0,"22":0,"23":1,"24":0,"25":0,"26":0,"27":0,"28":0,"29":0,"30":0,"31":0,"32":0,"33":0,"34":0,"35":0,"36":0,"37":0,"38":1,"39":0,"40":0,"41":0,"42":0,"43":0,"44":0,"45":0,"46":0,"47":0,"48":0,"49":0,"50":0,"51":0,"52":0,"53":0,"54":0,"55":1,"56":0,"57":0,"58":0,"59":0,"60":1,"61":4,"62":4,"63":4,"64":3,"65":1,"66":2,"67":2,"68":2,"69":1,"70":1,"71":1,"72":2,"73":2,"74":1,"75":1,"76":1,"77":1,"78":2,"79":2,"80":1,"81":1,"82":1,"83":1,"84":2,"85":2,"86":2,"87":2,"88":1,"89":1,"90":1},"f":{"0":0,"1":0,"2":0,"3":0,"4":4,"5":2,"6":2,"7":2},"b":{"0":[0,0],"1":[0,0],"2":[0,0],"3":[0,0],"4":[0,0],"5":[0,0],"6":[0,0],"7":[0,0],"8":[0,0],"9":[0,0],"10":[0,0],"11":[0,0],"12":[0,0],"13":[0,0],"14":[0,0],"15":[1,2],"16":[3,2],"17":[1,1],"18":[2,1],"19":[2,1],"20":[2,1],"21":[2,1]},"_coverageSchema":"1a1c01bbd47fc00a2c39e90264f33305004495a9","hash":"ddd98edd8662cf51ce5eb06f1b58548951ccdb61"}
,"/Users/ziyi03/Desktop/CS4218/Unit Testing/cs4218-2520-ecom-project-cs4218-2520-team08/models/orderModel.js": {"path":"/Users/ziyi03/Desktop/CS4218/Unit Testing/cs4218-2520-ecom-project-cs4218-2520-team08/models/orderModel.js","statementMap":{"0":{"start":{"line":3,"column":20},"end":{"line":23,"column":1}}},"fnMap":{},"branchMap":{},"s":{"0":1},"f":{},"b":{},"_coverageSchema":"1a1c01bbd47fc00a2c39e90264f33305004495a9","hash":"c8410783bb3740883e2e6699b810562ecf515489"}
}
