TN:
SF:controllers/categoryController.js
FN:3,(anonymous_0)
FN:36,(anonymous_1)
FN:61,(anonymous_2)
FN:80,(anonymous_3)
FN:99,(anonymous_4)
FNF:5
FNH:5
FNDA:4,(anonymous_0)
FNDA:2,(anonymous_1)
FNDA:2,(anonymous_2)
FNDA:2,(anonymous_3)
FNDA:2,(anonymous_4)
DA:3,1
DA:4,4
DA:5,4
DA:6,4
DA:7,1
DA:9,3
DA:10,2
DA:11,1
DA:16,1
DA:20,1
DA:26,1
DA:27,1
DA:36,1
DA:37,2
DA:38,2
DA:39,2
DA:40,2
DA:45,1
DA:51,1
DA:52,1
DA:61,1
DA:62,2
DA:63,2
DA:64,1
DA:70,1
DA:71,1
DA:80,1
DA:81,2
DA:82,2
DA:83,1
DA:89,1
DA:90,1
DA:99,1
DA:100,2
DA:101,2
DA:102,2
DA:103,1
DA:108,1
DA:109,1
LF:39
LH:39
BRDA:6,0,0,1
BRDA:6,0,1,3
BRDA:10,1,0,1
BRDA:10,1,1,1
BRF:4
BRH:4
end_of_record
TN:
SF:controllers/productController.js
FN:20,(anonymous_0)
FN:65,(anonymous_1)
FN:89,(anonymous_2)
FN:111,(anonymous_3)
FN:129,(anonymous_4)
FN:147,(anonymous_5)
FN:196,(anonymous_6)
FN:218,(anonymous_7)
FN:236,(anonymous_8)
FN:261,(anonymous_9)
FN:284,(anonymous_10)
FN:310,(anonymous_11)
FN:331,(anonymous_12)
FN:333,(anonymous_13)
FN:346,(anonymous_14)
FN:350,(anonymous_15)
FN:361,(anonymous_16)
FNF:17
FNH:17
FNDA:7,(anonymous_0)
FNDA:2,(anonymous_1)
FNDA:2,(anonymous_2)
FNDA:3,(anonymous_3)
FNDA:2,(anonymous_4)
FNDA:4,(anonymous_5)
FNDA:4,(anonymous_6)
FNDA:2,(anonymous_7)
FNDA:3,(anonymous_8)
FNDA:2,(anonymous_9)
FNDA:2,(anonymous_10)
FNDA:2,(anonymous_11)
FNDA:2,(anonymous_12)
FNDA:2,(anonymous_13)
FNDA:2,(anonymous_14)
FNDA:3,(anonymous_15)
FNDA:2,(anonymous_16)
DA:10,1
DA:13,1
DA:20,1
DA:21,7
DA:23,7
DA:24,7
DA:26,7
DA:28,1
DA:30,1
DA:32,1
DA:34,0
DA:36,0
DA:38,1
DA:43,3
DA:44,3
DA:45,1
DA:46,1
DA:48,3
DA:49,2
DA:55,1
DA:56,1
DA:65,1
DA:66,2
DA:67,2
DA:73,1
DA:80,1
DA:81,1
DA:89,1
DA:90,2
DA:91,2
DA:95,1
DA:101,1
DA:102,1
DA:111,1
DA:112,3
DA:113,3
DA:114,2
DA:115,1
DA:116,1
DA:119,1
DA:120,1
DA:129,1
DA:130,2
DA:131,2
DA:132,1
DA:137,1
DA:138,1
DA:147,1
DA:148,4
DA:150,4
DA:151,4
DA:153,4
DA:155,0
DA:157,0
DA:159,0
DA:161,1
DA:163,0
DA:165,0
DA:170,3
DA:175,2
DA:176,1
DA:177,1
DA:179,2
DA:180,2
DA:186,1
DA:187,1
DA:196,1
DA:197,4
DA:198,4
DA:199,4
DA:200,4
DA:201,4
DA:202,4
DA:203,3
DA:208,1
DA:209,1
DA:218,1
DA:219,2
DA:220,2
DA:221,1
DA:226,1
DA:227,1
DA:236,1
DA:237,3
DA:238,3
DA:239,3
DA:240,3
DA:246,2
DA:251,1
DA:252,1
DA:261,1
DA:262,2
DA:263,2
DA:264,2
DA:272,1
DA:274,1
DA:275,1
DA:284,1
DA:285,2
DA:286,2
DA:287,2
DA:295,1
DA:300,1
DA:301,1
DA:310,1
DA:311,2
DA:312,2
DA:313,1
DA:314,1
DA:320,1
DA:321,1
DA:331,1
DA:332,2
DA:333,2
DA:334,2
DA:335,1
DA:337,1
DA:341,0
DA:346,1
DA:347,2
DA:348,2
DA:349,2
DA:350,2
DA:351,3
DA:353,2
DA:362,2
DA:363,1
DA:368,1
DA:370,1
DA:375,0
LF:130
LH:121
BRDA:26,0,0,1
BRDA:26,0,1,1
BRDA:26,0,2,1
BRDA:26,0,3,0
BRDA:26,0,4,0
BRDA:26,0,5,1
BRDA:37,1,0,4
BRDA:37,1,1,2
BRDA:44,2,0,1
BRDA:44,2,1,2
BRDA:114,3,0,1
BRDA:114,3,1,1
BRDA:153,4,0,0
BRDA:153,4,1,0
BRDA:153,4,2,0
BRDA:153,4,3,1
BRDA:153,4,4,0
BRDA:153,4,5,0
BRDA:164,5,0,3
BRDA:164,5,1,1
BRDA:175,6,0,1
BRDA:175,6,1,1
BRDA:200,7,0,2
BRDA:200,7,1,2
BRDA:201,8,0,2
BRDA:201,8,1,2
BRDA:239,9,0,2
BRDA:239,9,1,1
BRDA:334,10,0,1
BRDA:334,10,1,1
BRDA:362,11,0,1
BRDA:362,11,1,1
BRF:32
BRH:25
end_of_record
