TN:
SF:controllers/authController.js
FN:7,(anonymous_0)
FN:66,(anonymous_1)
FN:120,(anonymous_2)
FN:158,(anonymous_3)
FN:168,(anonymous_4)
FN:203,(anonymous_5)
FN:220,(anonymous_6)
FN:239,(anonymous_7)
FNF:8
FNH:0
FNDA:0,(anonymous_0)
FNDA:0,(anonymous_1)
FNDA:0,(anonymous_2)
FNDA:0,(anonymous_3)
FNDA:0,(anonymous_4)
FNDA:0,(anonymous_5)
FNDA:0,(anonymous_6)
FNDA:0,(anonymous_7)
DA:7,0
DA:8,0
DA:9,0
DA:11,0
DA:12,0
DA:14,0
DA:15,0
DA:17,0
DA:18,0
DA:20,0
DA:21,0
DA:23,0
DA:24,0
DA:26,0
DA:27,0
DA:30,0
DA:32,0
DA:33,0
DA:39,0
DA:41,0
DA:50,0
DA:56,0
DA:57,0
DA:66,0
DA:67,0
DA:68,0
DA:70,0
DA:71,0
DA:77,0
DA:78,0
DA:79,0
DA:84,0
DA:85,0
DA:86,0
DA:92,0
DA:95,0
DA:109,0
DA:110,0
DA:120,0
DA:121,0
DA:122,0
DA:123,0
DA:124,0
DA:126,0
DA:127,0
DA:129,0
DA:130,0
DA:133,0
DA:135,0
DA:136,0
DA:141,0
DA:142,0
DA:143,0
DA:148,0
DA:149,0
DA:158,0
DA:159,0
DA:160,0
DA:162,0
DA:163,0
DA:168,0
DA:169,0
DA:170,0
DA:171,0
DA:173,0
DA:174,0
DA:176,0
DA:177,0
DA:187,0
DA:193,0
DA:194,0
DA:203,0
DA:204,0
DA:205,0
DA:209,0
DA:211,0
DA:212,0
DA:220,0
DA:221,0
DA:222,0
DA:227,0
DA:229,0
DA:230,0
DA:239,0
DA:240,0
DA:241,0
DA:242,0
DA:243,0
DA:248,0
DA:250,0
DA:251,0
LF:91
LH:0
BRDA:11,0,0,0
BRDA:11,0,1,0
BRDA:14,1,0,0
BRDA:14,1,1,0
BRDA:17,2,0,0
BRDA:17,2,1,0
BRDA:20,3,0,0
BRDA:20,3,1,0
BRDA:23,4,0,0
BRDA:23,4,1,0
BRDA:26,5,0,0
BRDA:26,5,1,0
BRDA:32,6,0,0
BRDA:32,6,1,0
BRDA:70,7,0,0
BRDA:70,7,1,0
BRDA:70,8,0,0
BRDA:70,8,1,0
BRDA:78,9,0,0
BRDA:78,9,1,0
BRDA:85,10,0,0
BRDA:85,10,1,0
BRDA:123,11,0,0
BRDA:123,11,1,0
BRDA:126,12,0,0
BRDA:126,12,1,0
BRDA:129,13,0,0
BRDA:129,13,1,0
BRDA:135,14,0,0
BRDA:135,14,1,0
BRDA:173,15,0,0
BRDA:173,15,1,0
BRDA:173,16,0,0
BRDA:173,16,1,0
BRDA:176,17,0,0
BRDA:176,17,1,0
BRDA:180,18,0,0
BRDA:180,18,1,0
BRDA:181,19,0,0
BRDA:181,19,1,0
BRDA:182,20,0,0
BRDA:182,20,1,0
BRDA:183,21,0,0
BRDA:183,21,1,0
BRF:44
BRH:0
end_of_record
TN:
SF:controllers/categoryController.js
FN:3,(anonymous_0)
FN:36,(anonymous_1)
FN:61,(anonymous_2)
FN:80,(anonymous_3)
FN:99,(anonymous_4)
FNF:5
FNH:5
FNDA:4,(anonymous_0)
FNDA:2,(anonymous_1)
FNDA:2,(anonymous_2)
FNDA:2,(anonymous_3)
FNDA:2,(anonymous_4)
DA:3,1
DA:4,4
DA:5,4
DA:6,4
DA:7,1
DA:9,3
DA:10,2
DA:11,1
DA:16,1
DA:20,0
DA:26,2
DA:27,2
DA:36,1
DA:37,2
DA:38,2
DA:39,2
DA:40,2
DA:45,1
DA:51,1
DA:52,1
DA:61,1
DA:62,2
DA:63,2
DA:64,1
DA:70,1
DA:71,1
DA:80,1
DA:81,2
DA:82,2
DA:83,1
DA:89,1
DA:90,1
DA:99,1
DA:100,2
DA:101,2
DA:102,2
DA:103,1
DA:108,1
DA:109,1
LF:39
LH:38
BRDA:6,0,0,1
BRDA:6,0,1,3
BRDA:10,1,0,1
BRDA:10,1,1,1
BRF:4
BRH:4
end_of_record
TN:
SF:controllers/productController.js
FN:20,(anonymous_0)
FN:65,(anonymous_1)
FN:89,(anonymous_2)
FN:111,(anonymous_3)
FN:129,(anonymous_4)
FN:147,(anonymous_5)
FN:196,(anonymous_6)
FN:218,(anonymous_7)
FN:236,(anonymous_8)
FN:261,(anonymous_9)
FN:284,(anonymous_10)
FN:310,(anonymous_11)
FN:331,(anonymous_12)
FN:333,(anonymous_13)
FN:346,(anonymous_14)
FN:350,(anonymous_15)
FN:361,(anonymous_16)
FNF:17
FNH:12
FNDA:5,(anonymous_0)
FNDA:1,(anonymous_1)
FNDA:1,(anonymous_2)
FNDA:2,(anonymous_3)
FNDA:2,(anonymous_4)
FNDA:4,(anonymous_5)
FNDA:2,(anonymous_6)
FNDA:2,(anonymous_7)
FNDA:1,(anonymous_8)
FNDA:2,(anonymous_9)
FNDA:1,(anonymous_10)
FNDA:2,(anonymous_11)
FNDA:0,(anonymous_12)
FNDA:0,(anonymous_13)
FNDA:0,(anonymous_14)
FNDA:0,(anonymous_15)
FNDA:0,(anonymous_16)
DA:10,1
DA:13,1
DA:20,1
DA:21,5
DA:23,5
DA:24,5
DA:26,5
DA:28,1
DA:30,0
DA:32,0
DA:34,0
DA:36,0
DA:38,1
DA:43,3
DA:44,3
DA:45,1
DA:46,1
DA:48,3
DA:49,2
DA:55,1
DA:56,1
DA:65,1
DA:66,1
DA:67,1
DA:73,0
DA:80,1
DA:81,1
DA:89,1
DA:90,1
DA:91,1
DA:95,0
DA:101,1
DA:102,1
DA:111,1
DA:112,2
DA:113,2
DA:114,1
DA:115,1
DA:116,1
DA:119,1
DA:120,1
DA:129,1
DA:130,2
DA:131,2
DA:132,1
DA:137,1
DA:138,1
DA:147,1
DA:148,4
DA:150,4
DA:151,4
DA:153,4
DA:155,0
DA:157,0
DA:159,1
DA:161,0
DA:163,0
DA:165,0
DA:170,3
DA:175,2
DA:176,1
DA:177,1
DA:179,2
DA:180,2
DA:186,1
DA:187,1
DA:196,1
DA:197,2
DA:198,2
DA:199,2
DA:200,2
DA:201,2
DA:202,2
DA:203,1
DA:208,1
DA:209,1
DA:218,1
DA:219,2
DA:220,2
DA:221,1
DA:226,1
DA:227,1
DA:236,1
DA:237,1
DA:238,1
DA:239,1
DA:240,1
DA:246,0
DA:251,1
DA:252,1
DA:261,1
DA:262,2
DA:263,2
DA:264,2
DA:272,1
DA:274,1
DA:275,1
DA:284,1
DA:285,1
DA:286,1
DA:287,1
DA:295,0
DA:300,1
DA:301,1
DA:310,1
DA:311,2
DA:312,2
DA:313,1
DA:314,1
DA:320,1
DA:321,1
DA:331,1
DA:332,0
DA:333,0
DA:334,0
DA:335,0
DA:337,0
DA:341,0
DA:346,1
DA:347,0
DA:348,0
DA:349,0
DA:350,0
DA:351,0
DA:353,0
DA:362,0
DA:363,0
DA:368,0
DA:370,0
DA:375,0
LF:130
LH:100
BRDA:26,0,0,1
BRDA:26,0,1,0
BRDA:26,0,2,0
BRDA:26,0,3,0
BRDA:26,0,4,0
BRDA:26,0,5,1
BRDA:37,1,0,4
BRDA:37,1,1,2
BRDA:44,2,0,1
BRDA:44,2,1,2
BRDA:114,3,0,1
BRDA:114,3,1,0
BRDA:153,4,0,0
BRDA:153,4,1,0
BRDA:153,4,2,1
BRDA:153,4,3,0
BRDA:153,4,4,0
BRDA:153,4,5,0
BRDA:164,5,0,3
BRDA:164,5,1,1
BRDA:175,6,0,1
BRDA:175,6,1,1
BRDA:200,7,0,1
BRDA:200,7,1,1
BRDA:201,8,0,1
BRDA:201,8,1,1
BRDA:239,9,0,1
BRDA:239,9,1,0
BRDA:334,10,0,0
BRDA:334,10,1,0
BRDA:362,11,0,0
BRDA:362,11,1,0
BRF:32
BRH:17
end_of_record
